<?xml version="1.0" encoding="UTF-8"?>
<testsuite name="com.ys.webfluxproject.WebfluxprojectApplicationTests" tests="1" skipped="0" failures="0" errors="0" timestamp="2019-11-01T10:30:53" hostname="ysyang-ThinkPad-T460p" time="0.206">
  <properties/>
  <testcase name="contextLoads()" classname="com.ys.webfluxproject.WebfluxprojectApplicationTests" time="0.206"/>
  <system-out><![CDATA[19:30:50.547 [Test worker] DEBUG org.springframework.test.context.BootstrapUtils - Instantiating CacheAwareContextLoaderDelegate from class [org.springframework.test.context.cache.DefaultCacheAwareContextLoaderDelegate]
19:30:50.562 [Test worker] DEBUG org.springframework.test.context.BootstrapUtils - Instantiating BootstrapContext using constructor [public org.springframework.test.context.support.DefaultBootstrapContext(java.lang.Class,org.springframework.test.context.CacheAwareContextLoaderDelegate)]
19:30:50.591 [Test worker] DEBUG org.springframework.test.context.BootstrapUtils - Instantiating TestContextBootstrapper for test class [com.ys.webfluxproject.WebfluxprojectApplicationTests] from class [org.springframework.boot.test.context.SpringBootTestContextBootstrapper]
19:30:50.609 [Test worker] INFO org.springframework.boot.test.context.SpringBootTestContextBootstrapper - Neither @ContextConfiguration nor @ContextHierarchy found for test class [com.ys.webfluxproject.WebfluxprojectApplicationTests], using SpringBootContextLoader
19:30:50.613 [Test worker] DEBUG org.springframework.test.context.support.AbstractContextLoader - Did not detect default resource location for test class [com.ys.webfluxproject.WebfluxprojectApplicationTests]: class path resource [com/ys/webfluxproject/WebfluxprojectApplicationTests-context.xml] does not exist
19:30:50.613 [Test worker] DEBUG org.springframework.test.context.support.AbstractContextLoader - Did not detect default resource location for test class [com.ys.webfluxproject.WebfluxprojectApplicationTests]: class path resource [com/ys/webfluxproject/WebfluxprojectApplicationTestsContext.groovy] does not exist
19:30:50.613 [Test worker] INFO org.springframework.test.context.support.AbstractContextLoader - Could not detect default resource locations for test class [com.ys.webfluxproject.WebfluxprojectApplicationTests]: no resource found for suffixes {-context.xml, Context.groovy}.
19:30:50.614 [Test worker] INFO org.springframework.test.context.support.AnnotationConfigContextLoaderUtils - Could not detect default configuration classes for test class [com.ys.webfluxproject.WebfluxprojectApplicationTests]: WebfluxprojectApplicationTests does not declare any static, non-private, non-final, nested classes annotated with @Configuration.
19:30:50.656 [Test worker] DEBUG org.springframework.test.context.support.ActiveProfilesUtils - Could not find an 'annotation declaring class' for annotation type [org.springframework.test.context.ActiveProfiles] and class [com.ys.webfluxproject.WebfluxprojectApplicationTests]
19:30:50.727 [Test worker] DEBUG org.springframework.context.annotation.ClassPathScanningCandidateComponentProvider - Identified candidate component class: file [/home/ysyang/IdeaProjects/webflux-kotlin-projet/build/classes/kotlin/main/com/ys/webfluxproject/WebfluxprojectApplication.class]
19:30:50.728 [Test worker] INFO org.springframework.boot.test.context.SpringBootTestContextBootstrapper - Found @SpringBootConfiguration com.ys.webfluxproject.WebfluxprojectApplication for test class com.ys.webfluxproject.WebfluxprojectApplicationTests
19:30:50.802 [Test worker] DEBUG org.springframework.boot.test.context.SpringBootTestContextBootstrapper - @TestExecutionListeners is not present for class [com.ys.webfluxproject.WebfluxprojectApplicationTests]: using defaults.
19:30:50.802 [Test worker] INFO org.springframework.boot.test.context.SpringBootTestContextBootstrapper - Loaded default TestExecutionListener class names from location [META-INF/spring.factories]: [org.springframework.boot.test.autoconfigure.restdocs.RestDocsTestExecutionListener, org.springframework.boot.test.autoconfigure.web.client.MockRestServiceServerResetTestExecutionListener, org.springframework.boot.test.autoconfigure.web.servlet.MockMvcPrintOnlyOnFailureTestExecutionListener, org.springframework.boot.test.autoconfigure.web.servlet.WebDriverTestExecutionListener, org.springframework.boot.test.mock.mockito.MockitoTestExecutionListener, org.springframework.boot.test.mock.mockito.ResetMocksTestExecutionListener, org.springframework.test.context.web.ServletTestExecutionListener, org.springframework.test.context.support.DirtiesContextBeforeModesTestExecutionListener, org.springframework.test.context.support.DependencyInjectionTestExecutionListener, org.springframework.test.context.support.DirtiesContextTestExecutionListener, org.springframework.test.context.transaction.TransactionalTestExecutionListener, org.springframework.test.context.jdbc.SqlScriptsTestExecutionListener, org.springframework.test.context.event.EventPublishingTestExecutionListener]
19:30:50.809 [Test worker] DEBUG org.springframework.boot.test.context.SpringBootTestContextBootstrapper - Skipping candidate TestExecutionListener [org.springframework.test.context.web.ServletTestExecutionListener] due to a missing dependency. Specify custom listener classes or make the default listener classes and their required dependencies available. Offending class: [javax/servlet/ServletContext]
19:30:50.816 [Test worker] INFO org.springframework.boot.test.context.SpringBootTestContextBootstrapper - Using TestExecutionListeners: [org.springframework.test.context.support.DirtiesContextBeforeModesTestExecutionListener@4b729bd4, org.springframework.boot.test.mock.mockito.MockitoTestExecutionListener@57b0cbbe, org.springframework.boot.test.autoconfigure.SpringBootDependencyInjectionTestExecutionListener@68a072d2, org.springframework.test.context.support.DirtiesContextTestExecutionListener@bec8c6f, org.springframework.test.context.transaction.TransactionalTestExecutionListener@549f0afd, org.springframework.test.context.jdbc.SqlScriptsTestExecutionListener@523d6eb, org.springframework.test.context.event.EventPublishingTestExecutionListener@6efe027f, org.springframework.boot.test.autoconfigure.restdocs.RestDocsTestExecutionListener@19e643b, org.springframework.boot.test.autoconfigure.web.client.MockRestServiceServerResetTestExecutionListener@2dfa4e17, org.springframework.boot.test.autoconfigure.web.servlet.MockMvcPrintOnlyOnFailureTestExecutionListener@367541cd, org.springframework.boot.test.autoconfigure.web.servlet.WebDriverTestExecutionListener@28864086, org.springframework.boot.test.mock.mockito.ResetMocksTestExecutionListener@5acb5611]
19:30:50.819 [Test worker] DEBUG org.springframework.test.context.support.AbstractDirtiesContextTestExecutionListener - Before test class: context [DefaultTestContext@5b52cf77 testClass = WebfluxprojectApplicationTests, testInstance = [null], testMethod = [null], testException = [null], mergedContextConfiguration = [ReactiveWebMergedContextConfiguration@3d299348 testClass = WebfluxprojectApplicationTests, locations = '{}', classes = '{class com.ys.webfluxproject.WebfluxprojectApplication}', contextInitializerClasses = '[]', activeProfiles = '{}', propertySourceLocations = '{}', propertySourceProperties = '{org.springframework.boot.test.context.SpringBootTestContextBootstrapper=true}', contextCustomizers = set[org.springframework.boot.test.autoconfigure.properties.PropertyMappingContextCustomizer@0, org.springframework.boot.test.autoconfigure.web.servlet.WebDriverContextCustomizerFactory$Customizer@40f57114, org.springframework.boot.test.context.filter.ExcludeFilterContextCustomizer@6c403050, org.springframework.boot.test.json.DuplicateJsonObjectContextCustomizerFactory$DuplicateJsonObjectContextCustomizer@38c40afe, org.springframework.boot.test.mock.mockito.MockitoContextCustomizer@0, org.springframework.boot.test.web.client.TestRestTemplateContextCustomizer@23075b04, org.springframework.boot.test.web.reactive.server.WebTestClientContextCustomizer@4e7aeefc], contextLoader = 'org.springframework.boot.test.context.SpringBootContextLoader', parent = [null]], attributes = map[[empty]]], class annotated with @DirtiesContext [false] with mode [null].
19:30:50.829 [Test worker] DEBUG org.springframework.test.context.support.DependencyInjectionTestExecutionListener - Performing dependency injection for test context [[DefaultTestContext@5b52cf77 testClass = WebfluxprojectApplicationTests, testInstance = com.ys.webfluxproject.WebfluxprojectApplicationTests@2b691684, testMethod = [null], testException = [null], mergedContextConfiguration = [ReactiveWebMergedContextConfiguration@3d299348 testClass = WebfluxprojectApplicationTests, locations = '{}', classes = '{class com.ys.webfluxproject.WebfluxprojectApplication}', contextInitializerClasses = '[]', activeProfiles = '{}', propertySourceLocations = '{}', propertySourceProperties = '{org.springframework.boot.test.context.SpringBootTestContextBootstrapper=true}', contextCustomizers = set[org.springframework.boot.test.autoconfigure.properties.PropertyMappingContextCustomizer@0, org.springframework.boot.test.autoconfigure.web.servlet.WebDriverContextCustomizerFactory$Customizer@40f57114, org.springframework.boot.test.context.filter.ExcludeFilterContextCustomizer@6c403050, org.springframework.boot.test.json.DuplicateJsonObjectContextCustomizerFactory$DuplicateJsonObjectContextCustomizer@38c40afe, org.springframework.boot.test.mock.mockito.MockitoContextCustomizer@0, org.springframework.boot.test.web.client.TestRestTemplateContextCustomizer@23075b04, org.springframework.boot.test.web.reactive.server.WebTestClientContextCustomizer@4e7aeefc], contextLoader = 'org.springframework.boot.test.context.SpringBootContextLoader', parent = [null]], attributes = map[[empty]]]].
19:30:50.847 [Test worker] DEBUG org.springframework.test.context.support.TestPropertySourceUtils - Adding inlined properties to environment: {spring.jmx.enabled=false, org.springframework.boot.test.context.SpringBootTestContextBootstrapper=true, server.port=-1}

  .   ____          _            __ _ _
 /\\ / ___'_ __ _ _(_)_ __  __ _ \ \ \ \
( ( )\___ | '_ | '_| | '_ \/ _` | \ \ \ \
 \\/  ___)| |_)| | | | | || (_| |  ) ) ) )
  '  |____| .__|_| |_|_| |_\__, | / / / /
 =========|_|==============|___/=/_/_/_/
 :: Spring Boot ::        (v2.2.0.RELEASE)

2019-11-01 19:30:51.049  INFO 23038 --- [    Test worker] c.y.w.WebfluxprojectApplicationTests     : Starting WebfluxprojectApplicationTests on ysyang-ThinkPad-T460p with PID 23038 (started by ysyang in /home/ysyang/IdeaProjects/webflux-kotlin-projet)
2019-11-01 19:30:51.050  INFO 23038 --- [    Test worker] c.y.w.WebfluxprojectApplicationTests     : No active profile set, falling back to default profiles: default
2019-11-01 19:30:51.947  INFO 23038 --- [    Test worker] .s.d.r.c.RepositoryConfigurationDelegate : Bootstrapping Spring Data repositories in DEFAULT mode.
2019-11-01 19:30:52.145  INFO 23038 --- [    Test worker] .s.d.r.c.RepositoryConfigurationDelegate : Finished Spring Data repository scanning in 193ms. Found 1 repository interfaces.
2019-11-01 19:30:52.579  INFO 23038 --- [    Test worker] org.mongodb.driver.cluster               : Cluster created with settings {hosts=[10.20.1.216:27017], mode=SINGLE, requiredClusterType=UNKNOWN, serverSelectionTimeout='30000 ms', maxWaitQueueSize=500}
2019-11-01 19:30:52.656  INFO 23038 --- [.20.1.216:27017] org.mongodb.driver.connection            : Opened connection [connectionId{localValue:1, serverValue:53}] to 10.20.1.216:27017
2019-11-01 19:30:52.662  INFO 23038 --- [.20.1.216:27017] org.mongodb.driver.cluster               : Monitor thread successfully connected to server with description ServerDescription{address=10.20.1.216:27017, type=STANDALONE, state=CONNECTED, ok=true, version=ServerVersion{versionList=[4, 2, 0]}, minWireVersion=0, maxWireVersion=8, maxDocumentSize=16777216, logicalSessionTimeoutMinutes=30, roundTripTimeNanos=3697532}
2019-11-01 19:30:52.713  WARN 23038 --- [    Test worker] o.s.data.convert.CustomConversions       : Registering converter from class java.time.LocalDateTime to class java.time.Instant as reading converter although it doesn't convert from a store-supported type! You might wanna check you annotation setup at the converter implementation.
2019-11-01 19:30:52.713  WARN 23038 --- [    Test worker] o.s.data.convert.CustomConversions       : Registering converter from class java.time.Instant to class java.time.LocalDateTime as reading converter although it doesn't convert from a store-supported type! You might wanna check you annotation setup at the converter implementation.
2019-11-01 19:30:52.783  WARN 23038 --- [    Test worker] o.s.data.convert.CustomConversions       : Registering converter from class java.time.LocalDateTime to class java.time.Instant as reading converter although it doesn't convert from a store-supported type! You might wanna check you annotation setup at the converter implementation.
2019-11-01 19:30:52.784  WARN 23038 --- [    Test worker] o.s.data.convert.CustomConversions       : Registering converter from class java.time.Instant to class java.time.LocalDateTime as reading converter although it doesn't convert from a store-supported type! You might wanna check you annotation setup at the converter implementation.
2019-11-01 19:30:53.424  INFO 23038 --- [      Thread-13] org.mongodb.driver.connection            : Opened connection [connectionId{localValue:2, serverValue:54}] to 10.20.1.216:27017
2019-11-01 19:30:53.444  INFO 23038 --- [      Thread-10] org.mongodb.driver.connection            : Opened connection [connectionId{localValue:3, serverValue:55}] to 10.20.1.216:27017
object collections already exist
data add
2019-11-01 19:30:53.687  WARN 23038 --- [    Test worker] o.s.data.convert.CustomConversions       : Registering converter from class java.time.LocalDateTime to class java.time.Instant as reading converter although it doesn't convert from a store-supported type! You might wanna check you annotation setup at the converter implementation.
2019-11-01 19:30:53.687  WARN 23038 --- [    Test worker] o.s.data.convert.CustomConversions       : Registering converter from class java.time.Instant to class java.time.LocalDateTime as reading converter although it doesn't convert from a store-supported type! You might wanna check you annotation setup at the converter implementation.
2019-11-01 19:30:53.807  INFO 23038 --- [    Test worker] c.y.w.WebfluxprojectApplicationTests     : Started WebfluxprojectApplicationTests in 2.954 seconds (JVM running for 4.009)
]]></system-out>
  <system-err><![CDATA[]]></system-err>
</testsuite>
